<?xml version="1.0" encoding="UTF-8"?>
<!-- Generated by org.testng.reporters.JUnitReportReporter -->
<testsuite hostname="DESKTOP-52U497D" failures="0" tests="1" name="beta.demo" time="6.948" errors="0" timestamp="2022-09-17T15:47:01 CEST" skipped="0">
  <testcase classname="beta.demo" name="log4jpract" time="6.948"/>
  <system-out/>
</testsuite> <!-- beta.demo -->
