<?xml version="1.0" encoding="UTF-8"?>
<!-- Generated by org.testng.reporters.JUnitReportReporter -->
<testsuite hostname="DESKTOP-52U497D" failures="0" tests="3" name="E2ERohini.greencart.basepagenavigationTest" time="37.746" errors="0" timestamp="2022-09-17T20:32:22 CEST" skipped="0">
  <testcase classname="E2ERohini.greencart.basepagenavigationTest" name="clickflightdetails" time="8.273"/>
  <system-out/>
  <testcase classname="E2ERohini.greencart.basepagenavigationTest" name="clicktopdeal" time="17.583"/>
  <system-out/>
  <testcase classname="E2ERohini.greencart.basepagenavigationTest" name="searchitem" time="11.890"/>
  <system-out/>
</testsuite> <!-- E2ERohini.greencart.basepagenavigationTest -->
