<?xml version="1.0" encoding="UTF-8"?>
<!-- Generated by org.testng.reporters.JUnitReportReporter -->
<testsuite hostname="DESKTOP-52U497D" failures="0" tests="1" name="beta.demo" time="14.801" errors="0" timestamp="2022-09-17T21:15:37 CEST" skipped="0">
  <testcase classname="beta.demo" name="log4jpract" time="14.801"/>
  <system-out/>
</testsuite> <!-- beta.demo -->
